<?xml version="1.0" encoding="UTF-8"?>
<!-- Generated by org.testng.reporters.JUnitReportReporter -->
<testsuite hostname="LAPTOP-3LVHLGRV" failures="0" tests="1" name="Failedtestcases.Testcase1" time="0.021" errors="0" timestamp="26 Oct 2023 12:53:56 GMT" skipped="0">
  <testcase classname="Failedtestcases.Testcase1" name="failedtestcase1" time="0.021"/>
</testsuite> <!-- Failedtestcases.Testcase1 -->
