<?xml version="1.0" encoding="UTF-8"?>
<!-- Generated by org.testng.reporters.JUnitReportReporter -->
<testsuite hostname="LAPTOP-3LVHLGRV" failures="0" tests="2" name="tstng.testcases" time="0.018" errors="0" timestamp="26 Oct 2023 13:13:54 GMT" skipped="0">
  <testcase classname="tstng.testcases" name="testcase1" time="0.010"/>
  <testcase classname="tstng.testcases" name="testcase2" time="0.008"/>
</testsuite> <!-- tstng.testcases -->
