<?xml version="1.0" encoding="UTF-8"?>
<!-- Generated by org.testng.reporters.JUnitReportReporter -->
<testsuite hostname="LAPTOP-3LVHLGRV" failures="0" tests="3" name="tstng.Dependsonmethod" time="0.015" errors="0" timestamp="26 Oct 2023 07:16:13 GMT" skipped="0">
  <testcase classname="tstng.Dependsonmethod" name="openbrowser" time="0.011"/>
  <testcase classname="tstng.Dependsonmethod" name="Signin" time="0.002"/>
  <testcase classname="tstng.Dependsonmethod" name="logout" time="0.002"/>
</testsuite> <!-- tstng.Dependsonmethod -->
