<?xml version="1.0" encoding="UTF-8"?>
<!-- Generated by org.testng.reporters.JUnitReportReporter -->
<testsuite hostname="LAPTOP-3LVHLGRV" failures="0" tests="2" name="tstng.Annotations" time="0.010" errors="0" timestamp="26 Oct 2023 06:39:07 GMT" skipped="0">
  <testcase classname="tstng.Annotations" name="testcase1" time="0.008"/>
  <testcase classname="tstng.Annotations" name="testcase2" time="0.002"/>
</testsuite> <!-- tstng.Annotations -->
