<?xml version="1.0" encoding="UTF-8"?>
<!-- Generated by org.testng.reporters.JUnitReportReporter -->
<testsuite hostname="LAPTOP-3LVHLGRV" failures="0" tests="1" name="testng.HRMLogin" time="7.836" errors="0" timestamp="16 Oct 2023 18:32:00 GMT" skipped="0">
  <testcase classname="testng.HRMLogin" name="hrmLogin" time="7.836"/>
</testsuite> <!-- testng.HRMLogin -->
