<?xml version="1.0" encoding="UTF-8"?>
<!-- Generated by org.testng.reporters.JUnitReportReporter -->
<testsuite hostname="LAPTOP-3LVHLGRV" failures="0" tests="4" name="tstng.Groups" time="0.021" errors="0" timestamp="26 Oct 2023 10:15:15 GMT" skipped="1">
  <testcase classname="tstng.Groups" name="M9" time="0.018"/>
  <testcase classname="tstng.Groups" name="M2" time="0.001"/>
  <testcase classname="tstng.Groups" name="M1" time="0.002"/>
  <testcase classname="tstng.Groups" name="M12">
    <skipped/>
  </testcase> <!-- M12 -->
</testsuite> <!-- tstng.Groups -->
