<?xml version="1.0" encoding="UTF-8"?>
<!-- Generated by org.testng.reporters.JUnitReportReporter -->
<testsuite hostname="LAPTOP-3LVHLGRV" failures="0" tests="4" name="testng.Groups" time="0.012" errors="0" timestamp="26 Oct 2023 08:21:30 GMT" skipped="1">
  <testcase classname="testng.Groups" name="testCase1" time="0.009"/>
  <testcase classname="testng.Groups" name="testCase3" time="0.002"/>
  <testcase classname="testng.Groups" name="testCase2" time="0.001"/>
  <testcase classname="testng.Groups" name="testCase4">
    <skipped/>
  </testcase> <!-- testCase4 -->
</testsuite> <!-- testng.Groups -->
