<?xml version="1.0" encoding="UTF-8"?>
<!-- Generated by org.testng.reporters.JUnitReportReporter -->
<testsuite hostname="LAPTOP-3LVHLGRV" failures="0" tests="3" name="testng.Priorities" time="0.003" errors="0" timestamp="16 Oct 2023 18:32:00 GMT" skipped="0">
  <testcase classname="testng.Priorities" name="registerAccount" time="0.001"/>
  <testcase classname="testng.Priorities" name="login" time="0.001"/>
  <testcase classname="testng.Priorities" name="sendEmail" time="0.001"/>
</testsuite> <!-- testng.Priorities -->
