<?xml version="1.0" encoding="UTF-8"?>
<!-- Generated by org.testng.reporters.JUnitReportReporter -->
<testsuite hostname="LAPTOP-3LVHLGRV" failures="0" tests="2" name="testng.AllAnotations" time="0.006" errors="0" timestamp="26 Oct 2023 06:20:53 GMT" skipped="1">
  <testcase classname="testng.AllAnotations" name="testCase2" time="0.006"/>
  <testcase classname="testng.AllAnotations" name="testCase1">
    <skipped/>
  </testcase> <!-- testCase1 -->
</testsuite> <!-- testng.AllAnotations -->
