<?xml version="1.0" encoding="UTF-8"?>
<!-- Generated by org.testng.reporters.JUnitReportReporter -->
<testsuite hostname="LAPTOP-3LVHLGRV" failures="0" tests="3" name="tstng.Priority" time="0.007" errors="0" timestamp="26 Oct 2023 10:15:15 GMT" skipped="0">
  <testcase classname="tstng.Priority" name="M6" time="0.002"/>
  <testcase classname="tstng.Priority" name="M5" time="0.003"/>
  <testcase classname="tstng.Priority" name="M7" time="0.002"/>
</testsuite> <!-- tstng.Priority -->
