<?xml version="1.0" encoding="UTF-8"?>
<!-- Generated by org.testng.reporters.JUnitReportReporter -->
<testsuite hostname="LAPTOP-3LVHLGRV" failures="0" tests="3" name="tstng.Priority2" time="0.018" errors="0" timestamp="26 Oct 2023 13:16:23 GMT" skipped="1">
  <testcase classname="tstng.Priority2" name="M6" time="0.017"/>
  <testcase classname="tstng.Priority2" name="M7" time="0.001"/>
  <testcase classname="tstng.Priority2" name="M5">
    <skipped/>
  </testcase> <!-- M5 -->
</testsuite> <!-- tstng.Priority2 -->
